<?xml version="1.0" encoding="UTF-8"?>
<testng-results ignored="0" total="2" passed="2" failed="0" skipped="0">
  <reporter-output>
  </reporter-output>
  <suite started-at="2022-08-23T15:36:46 IST" name="Default suite" finished-at="2022-08-23T15:36:46 IST" duration-ms="100">
    <groups>
    </groups>
    <test started-at="2022-08-23T15:36:46 IST" name="Default test" finished-at="2022-08-23T15:36:46 IST" duration-ms="100">
      <class name="com.edu.practice.SampleExecutionTest">
        <test-method signature="createSample()[pri:0, instance:com.edu.practice.SampleExecutionTest@51dcb805]" started-at="2022-08-23T15:36:46 IST" name="createSample" finished-at="2022-08-23T15:36:46 IST" duration-ms="16" status="PASS">
          <reporter-output>
          </reporter-output>
        </test-method> <!-- createSample -->
        <test-method signature="modifySample()[pri:0, instance:com.edu.practice.SampleExecutionTest@51dcb805]" started-at="2022-08-23T15:36:46 IST" name="modifySample" finished-at="2022-08-23T15:36:46 IST" duration-ms="1" status="PASS">
          <reporter-output>
          </reporter-output>
        </test-method> <!-- modifySample -->
      </class> <!-- com.edu.practice.SampleExecutionTest -->
    </test> <!-- Default test -->
  </suite> <!-- Default suite -->
</testng-results>
